2022-11-01 22:26:23.019 | DEBUG    | app.routes:contact:25 - The form is sended in 2022-11-01 22:26:23.019491
2022-11-01 22:26:23.019 | DEBUG    | app.routes:contact:26 - Name = fsdfsdfsff
2022-11-01 22:26:23.020 | DEBUG    | app.routes:contact:27 - Email = fdsfsdf@fsdfs.com
2022-11-01 22:26:23.020 | DEBUG    | app.routes:contact:28 - Phone = +380000000000
2022-11-01 22:26:23.020 | DEBUG    | app.routes:contact:29 - Subject = 1
2022-11-01 22:26:23.020 | DEBUG    | app.routes:contact:30 - Message = fdsfsfsfd
2022-11-01 22:28:33.918 | DEBUG    | app.routes:contact:25 - The form is sended in 2022-11-01 22:28:33.918657
2022-11-01 22:28:33.919 | DEBUG    | app.routes:contact:26 - Name = hgfhfghfgh
2022-11-01 22:28:33.919 | DEBUG    | app.routes:contact:27 - Email = fdsfsdf@fsdfs.com
2022-11-01 22:28:33.919 | DEBUG    | app.routes:contact:28 - Phone = +380000000000
2022-11-01 22:28:33.919 | DEBUG    | app.routes:contact:29 - Subject = 1
2022-11-01 22:28:33.919 | DEBUG    | app.routes:contact:30 - Message = fdsfdsfs
2022-11-01 22:40:33.029 | DEBUG    | app.routes:contact:25 - The form is sended in 2022-11-01 22:40:33.029112
2022-11-01 22:40:33.029 | DEBUG    | app.routes:contact:26 - Name = fdsfsdfsdf
2022-11-01 22:40:33.029 | DEBUG    | app.routes:contact:27 - Email = fdsfsdf@fsdfs.com
2022-11-01 22:40:33.029 | DEBUG    | app.routes:contact:28 - Phone = +380000000000
2022-11-01 22:40:33.029 | DEBUG    | app.routes:contact:29 - Subject = 1
2022-11-01 22:40:33.030 | DEBUG    | app.routes:contact:30 - Message = fdfsf
2022-11-01 22:44:28.409 | DEBUG    | app.routes:contact:25 - The form is sended in 2022-11-01 22:44:28.409003
2022-11-01 22:44:28.409 | DEBUG    | app.routes:contact:26 - Name = fdsfsdfsdf
2022-11-01 22:44:28.409 | DEBUG    | app.routes:contact:27 - Email = fdfdsf@dffsdf.com
2022-11-01 22:44:28.410 | DEBUG    | app.routes:contact:28 - Phone = +380000000000
2022-11-01 22:44:28.410 | DEBUG    | app.routes:contact:29 - Subject = 1
2022-11-01 22:44:28.410 | DEBUG    | app.routes:contact:30 - Message = fsdfsdf
2022-11-07 15:54:51.512 | DEBUG    | app.views:contact:20 - The form is sent in 2022-11-07 15:54:51.512571
                    Name = fdsfdsfsd
                    Email = fdfdsf@dffsdf.com
                    Phone = +380000000000
                    Subject = 1
                    Message = fdsfdsfsd
2022-11-07 15:56:18.405 | DEBUG    | app.views:contact:20 - The form is sent in 2022-11-07 15:56:18.405267
                    Name = fdsfdsfsd
                    Email = fdfdsf@dffsdf.com
                    Phone = +380000000000
                    Subject = 1
                    Message = fdsfdsfsd
2022-11-07 15:59:23.877 | DEBUG    | app.views:contact:20 - The form is sent in 2022-11-07 15:59:23.877382
                    Name = fdsfdsfsd
                    Email = fdfdsf@dffsdf.com
                    Phone = +380000000000
                    Subject = 1
                    Message = fdsfdsfsd
2022-11-07 15:59:35.400 | DEBUG    | app.views:contact:20 - The form is sent in 2022-11-07 15:59:35.400762
                    Name = fdsfdsfsd
                    Email = fdfdsf@dffsdf.com
                    Phone = +380000000000
                    Subject = 1
                    Message = fdsfdsfsd
2022-11-07 16:00:26.395 | DEBUG    | app.views:contact:20 - The form is sent in 2022-11-07 16:00:26.395786
                    Name = fdsfdsfsf
                    Email = fdfdsff@dffsdf.com
                    Phone = +380964635979
                    Subject = 1
                    Message = fdsfsf
2022-11-07 16:07:04.252 | DEBUG    | app.views:contact:20 - The form is sent in 2022-11-07 16:07:04.252166
                    Name = fdsfdsfsfa
                    Email = fdfdsffa@dffsdf.com
                    Phone = +380964635978
                    Subject = 1
                    Message = fdsfs
2022-11-07 16:07:04.264 | DEBUG    | app.views:contact:29 - <Contact 'fdsfdsfsd'>
2022-11-07 16:07:49.718 | DEBUG    | app.views:contact:20 - The form is sent in 2022-11-07 16:07:49.718085
                    Name = fdsfdsfsfb
                    Email = fdfdsffas@dffsdf.com
                    Phone = +380000000001
                    Subject = 1
                    Message = fsdfsdf
2022-11-07 16:07:49.743 | DEBUG    | app.views:contact:29 - <Contact 'fdsfdsfsd'>
2022-11-07 16:07:49.743 | DEBUG    | app.views:contact:30 - SELECT contact.id AS contact_id, contact.name AS contact_name, contact.email AS contact_email, contact.phone AS contact_phone, contact.subject AS contact_subject, contact.message AS contact_message 
FROM contact
2022-11-08 20:47:45.120 | DEBUG    | app.views:contact:20 - The form is sent in 2022-11-08 20:47:45.120543
                    Name = vxcvcx
                    Email = vcxvxv@dffsdf.com
                    Phone = +380000000002
                    Subject = math
                    Message = vcbcvbcbc
2022-11-08 20:48:07.185 | DEBUG    | app.views:contact:20 - The form is sent in 2022-11-08 20:48:07.185885
                    Name = jjhjjhg
                    Email = vcxjjhjvxv@dfjhgjdf.com
                    Phone = +380000000003
                    Subject = english
                    Message = yututyu
2022-11-12 18:15:13.621 | DEBUG    | app.views:contact:20 - The form is sent in 2022-11-12 18:15:13.621675
                    Name = jjhjjhg
                    Email = vcxjjhjvxv@dfjhgjdf.com
                    Phone = +380000000000
                    Subject = math
                    Message = dffsdfsdf
2022-12-05 12:57:15.086 | DEBUG    | app.contact.views:contact:16 - The form is sent in 2022-12-05 12:57:15.086016
                    Name = fdsfsdf
                    Email = dffsfsd@fdsfsd.gfd
                    Phone = +380000000000
                    Subject = physics
                    Message = gfdgfd
2022-12-05 12:57:49.415 | DEBUG    | app.contact.views:contact:16 - The form is sent in 2022-12-05 12:57:49.415067
                    Name = fdsfsdf
                    Email = dffsfsd@fdsfsd.gfd
                    Phone = +380000000000
                    Subject = physics
                    Message = gfdgfd
2022-12-05 12:58:08.950 | DEBUG    | app.contact.views:contact:16 - The form is sent in 2022-12-05 12:58:08.950373
                    Name = fdsfsdf
                    Email = dffsfsd@fdsfsd.gfd
                    Phone = +380000000000
                    Subject = physics
                    Message = gfdgfd
2022-12-05 21:26:10.860 | DEBUG    | app.todo.views:task_create:22 - title=fdsfsd,
                                message=fsdff,
                                deadline=2022-11-29,
                                priority=1,
                                progress=1,
                                owner=<User 'new_user1'>
2022-12-05 21:28:03.918 | DEBUG    | app.todo.views:task_create:22 - title=fdfdsf,
                                message=fdsfsf,
                                deadline=2022-12-21,
                                priority=1,
                                progress=1,
                                owner=<User 'new_user1'>
2022-12-05 21:28:21.060 | DEBUG    | app.todo.views:task_create:22 - title=fdfdsf,
                                message=fdsfsf,
                                deadline=2022-12-21,
                                priority=1,
                                progress=1,
                                owner=<User 'new_user1'>
2022-12-05 21:33:27.149 | DEBUG    | app.todo.views:task_create:22 - title=fdfdsf,
                                message=fdsfsf,
                                deadline=2022-12-21,
                                priority=1,
                                progress=1,
                                owner=<User 'new_user1'>
2022-12-05 21:34:17.739 | DEBUG    | app.todo.views:task_create:22 - title=fdfdsf,
                                message=fdsfsf,
                                deadline=2022-12-21,
                                priority=1,
                                progress=1,
                                owner=<User 'new_user1'>
2022-12-05 21:34:31.649 | DEBUG    | app.todo.views:task_create:22 - title=fdfdsf,
                                message=fdsfsf,
                                deadline=2022-12-21,
                                priority=1,
                                progress=1,
                                owner=<User 'new_user1'>
2022-12-06 14:47:56.469 | DEBUG    | app.todo.views:task_create:22 - title=fdsfds,
                                message=fsdfs,
                                deadline=2022-11-30,
                                priority=1,
                                progress=1,
                                owner=<User 'new_user1'>
2022-12-06 14:58:01.295 | DEBUG    | app.todo.views:task_create:16 - title=ghfg,
                                message=hgfhfg,
                                deadline=2022-12-22,
                                priority=1,
                                progress=1,
                                owner=<User 'new_user1'>
2022-12-15 15:24:31.591 | DEBUG    | app.todo.views:task_create:17 - title=test task,
                                message=test task desc,
                                deadline=2022-12-15,
                                priority=1,
                                progress=1,
                                owner=<User 'new_user1'>
2022-12-15 15:26:04.036 | DEBUG    | app.todo.views:task_create:17 - title=test task1,
                                message=test task1 test,
                                deadline=2022-12-15,
                                priority=1,
                                progress=1,
                                category=1,
                                owner=<User 'new_user1'>
2022-12-15 15:26:44.428 | DEBUG    | app.todo.views:task_create:17 - title=Test task,
                                message=None,
                                deadline=2022-12-15,
                                priority=1,
                                progress=1,
                                category=1,
                                owner=<User 'test'>
2022-12-15 15:46:08.777 | DEBUG    | app.todo.views:task_create:17 - title=Test task,
                                message=None,
                                deadline=2022-12-15,
                                priority=1,
                                progress=1,
                                category=1,
                                owner=<User 'test'>
2022-12-15 15:48:25.474 | DEBUG    | app.todo.views:task_create:17 - title=Test task,
                                message=None,
                                deadline=2022-12-15,
                                priority=1,
                                progress=1,
                                category=1,
                                owner=<User 'test'>
2022-12-15 15:50:19.643 | DEBUG    | app.todo.views:task_create:17 - title=Test task,
                                message=None,
                                deadline=2022-12-15,
                                priority=1,
                                progress=1,
                                category=1,
                                owner=<User 'test'>
2022-12-15 15:51:19.509 | DEBUG    | app.todo.views:task_create:17 - title=Test task,
                                message=task desc,
                                deadline=2022-12-15,
                                priority=1,
                                progress=1,
                                category=1,
                                owner=<User 'test'>
2022-12-15 15:53:06.065 | DEBUG    | app.todo.views:task_create:17 - title=Test task,
                                message=task desc,
                                deadline=2022-12-15,
                                priority=1,
                                progress=1,
                                category=1,
                                owner=<User 'test'>
2022-12-15 15:53:53.179 | DEBUG    | app.todo.views:task_create:17 - title=Test task,
                                message=task desc,
                                deadline=2022-12-15,
                                priority=1,
                                progress=1,
                                category=1,
                                owner=<User 'test'>
2022-12-15 15:56:33.614 | DEBUG    | app.todo.views:task_create:17 - title=Test task,
                                message=task desc,
                                deadline=2022-12-15,
                                priority=1,
                                progress=1,
                                category=1,
                                owner=<User 'test'>
